0 verbose cli C:\Program Files\nodejs\node.exe C:\Program Files\nodejs\node_modules\npm\bin\npm-cli.js
1 info using npm@10.9.2
2 info using node@v22.17.0
3 silly config load:file:C:\Program Files\nodejs\node_modules\npm\npmrc
4 silly config load:file:C:\Users\QTY\AppData\Local\Microsoft\TypeScript\5.8\.npmrc
5 silly config load:file:C:\Users\QTY\.npmrc
6 silly config load:file:C:\Program Files\nodejs\node_global\etc\npmrc
7 verbose title npm install types-registry@latest
8 verbose argv "install" "--ignore-scripts" "types-registry@latest"
9 verbose logfile logs-max:10 dir:D:\Workspace\ShareTools\.npm-cache\_logs\2025-08-14T09_23_06_796Z-
10 verbose logfile D:\Workspace\ShareTools\.npm-cache\_logs\2025-08-14T09_23_06_796Z-debug-0.log
11 silly logfile start cleaning logs, removing 1 files
12 silly packumentCache heap:4345298944 maxSize:1086324736 maxEntrySize:543162368
13 silly logfile done cleaning log files
14 silly packumentCache corgi:https://registry.npmjs.org/types-registry cache-miss
15 http fetch GET 200 https://registry.npmjs.org/types-registry 1018ms (cache revalidated)
16 silly packumentCache corgi:https://registry.npmjs.org/types-registry set size:605152 disposed:false
17 silly idealTree buildDeps
18 silly fetch manifest types-registry@0.1.733
19 silly packumentCache full:https://registry.npmjs.org/types-registry cache-miss
20 http fetch GET 200 https://registry.npmjs.org/types-registry 163ms (cache revalidated)
21 silly packumentCache full:https://registry.npmjs.org/types-registry set size:1289194 disposed:false
22 silly placeDep ROOT types-registry@0.1.733 REPLACE for:  want: 0.1.733
23 silly reify moves {}
24 silly audit bulk request {
24 silly audit   '@types/react': [ '19.1.8' ],
24 silly audit   csstype: [ '3.1.3' ],
24 silly audit   'types-registry': [ '0.1.733' ]
24 silly audit }
25 http fetch POST 200 https://registry.npmjs.org/-/npm/v1/security/advisories/bulk 585ms
26 silly audit report {}
27 verbose cwd C:\Users\QTY\AppData\Local\Microsoft\TypeScript\5.8
28 verbose os Windows_NT 10.0.26100
29 verbose node v22.17.0
30 verbose npm  v10.9.2
31 verbose exit 0
32 info ok
